[17:28:50] [main/INFO]: Setting user: Player171
[17:28:52] [Client thread/INFO]: LWJGL Version: 2.9.1
[17:28:58] [Client thread/INFO]: Reloading ResourceManager: Default, FMLFileResourcePack:Forge Mod Loader, FMLFileResourcePack:Minecraft Forge, FMLFileResourcePack:Amazing Mod
[17:28:59] [Sound Library Loader/INFO]: Sound engine started
[17:29:01] [Client thread/INFO]: Created: 512x256 textures/blocks-atlas
[17:29:01] [Client thread/INFO]: Created: 256x256 textures/items-atlas
[17:29:01] [Client thread/INFO]: Reloading ResourceManager: Default, FMLFileResourcePack:Forge Mod Loader, FMLFileResourcePack:Minecraft Forge, FMLFileResourcePack:Amazing Mod
[17:29:01] [Client thread/INFO]: Created: 512x256 textures/blocks-atlas
[17:29:02] [Client thread/INFO]: Created: 256x256 textures/items-atlas
[17:29:02] [Sound Library Loader/INFO]: Sound engine started
[17:29:10] [Server thread/INFO]: Starting integrated minecraft server version 1.7.10
[17:29:10] [Server thread/INFO]: Generating keypair
[17:29:10] [Server thread/INFO]: Preparing start region for level 0
[17:29:11] [Server thread/INFO]: Changing view distance to 12, from 10
[17:29:12] [Server thread/INFO]: Player171[local:E:d5cd0997] logged in with entity id 117 at (-425.8984675530306, 5.739016774653562, -287.7069785731398)
[17:29:12] [Server thread/INFO]: Player171 joined the game
[17:29:14] [Server thread/INFO]: Saving and pausing game...
[17:29:15] [Server thread/INFO]: Saving chunks for level 'Custom Generation Ideas'/Overworld
[17:29:15] [Server thread/INFO]: Saving chunks for level 'Custom Generation Ideas'/Nether
[17:29:15] [Server thread/INFO]: Saving chunks for level 'Custom Generation Ideas'/The End
[17:29:16] [Server thread/INFO]: Player171 has just earned the achievement [Taking Inventory]
[17:29:16] [Client thread/INFO]: [CHAT] Player171 has just earned the achievement [Taking Inventory]
[17:29:24] [Server thread/INFO]: Saving and pausing game...
[17:29:24] [Server thread/INFO]: Saving chunks for level 'Custom Generation Ideas'/Overworld
[17:29:24] [Server thread/INFO]: Saving chunks for level 'Custom Generation Ideas'/Nether
[17:29:24] [Server thread/INFO]: Saving chunks for level 'Custom Generation Ideas'/The End
[17:29:25] [Server thread/INFO]: Stopping server
[17:29:25] [Server thread/INFO]: Saving players
[17:29:25] [Server thread/INFO]: Saving worlds
[17:29:25] [Server thread/INFO]: Saving chunks for level 'Custom Generation Ideas'/Overworld
[17:29:25] [Server thread/INFO]: Saving chunks for level 'Custom Generation Ideas'/Nether
[17:29:25] [Server thread/INFO]: Saving chunks for level 'Custom Generation Ideas'/The End
[17:30:52] [Client thread/INFO]: Stopping!
